<?xml version="1.0" encoding="UTF-8"?>
<!-- Generated by org.testng.reporters.JUnitReportReporter -->
<testsuite hostname="MohanishGhate" failures="0" tests="1" name="Framework.tests.ErrorValidation" time="8.282" errors="0" timestamp="2025-01-18T16:33:04 IST" skipped="0">
  <testcase classname="Framework.tests.ErrorValidation" name="submitOrder" time="8.282"/>
  <system-out/>
</testsuite> <!-- Framework.tests.ErrorValidation -->
