<?xml version="1.0" encoding="UTF-8"?>
<!-- Generated by org.testng.reporters.JUnitReportReporter -->
<testsuite hostname="MohanishGhate" failures="0" tests="1" name="Framework.tests.ErrorValidations" time="4.169" errors="0" timestamp="2023-08-26T20:48:41 IST" skipped="0">
  <testcase classname="Framework.tests.ErrorValidations" name="submitOrder" time="4.169"/>
  <system-out/>
</testsuite> <!-- Framework.tests.ErrorValidations -->
